17:32:13.231 [main] INFO   api.test.UserTests - ******Creating user****
17:32:19.301 [main] INFO   api.test.UserTests - ******Reading user info****
17:32:20.510 [main] INFO   api.test.UserTests - ******updating user****
17:32:21.637 [main] INFO   api.test.UserTests - ******Deleting user****
17:37:32.347 [main] DEBUG  api.test.UserTests - debugging........
17:37:32.374 [main] INFO   api.test.UserTests - ******Creating user****
17:37:37.068 [main] INFO   api.test.UserTests - ******Reading user info****
17:37:38.200 [main] INFO   api.test.UserTests - ******updating user****
17:37:39.318 [main] INFO   api.test.UserTests - ******Deleting user****
18:00:43.027 [main] DEBUG  api.test.UserTests - debugging........
18:00:43.059 [main] INFO   api.test.UserTests - ******Creating user****
18:00:48.317 [main] INFO   api.test.UserTests - ******Reading user info****
18:00:49.499 [main] INFO   api.test.UserTests - ******updating user****
18:00:50.587 [main] INFO   api.test.UserTests - ******Deleting user****
23:57:46.606 [main] DEBUG  api.test.UserTests2 - debugging........
23:57:46.629 [main] INFO   api.test.UserTests2 - ******Creating user****
23:57:46.670 [main] INFO   api.test.UserTests2 - ******Reading user info****
23:57:46.676 [main] INFO   api.test.UserTests2 - ******updating user****
23:57:46.685 [main] INFO   api.test.UserTests2 - ******Deleting user****
23:58:32.386 [main] DEBUG  api.test.UserTests2 - debugging........
23:58:32.408 [main] INFO   api.test.UserTests2 - ******Creating user****
23:58:32.441 [main] INFO   api.test.UserTests2 - ******Reading user info****
23:58:32.458 [main] INFO   api.test.UserTests2 - ******updating user****
23:58:32.467 [main] INFO   api.test.UserTests2 - ******Deleting user****
12:04:06.973 [main] DEBUG  api.test.UserTests2 - debugging........
12:04:07.006 [main] INFO   api.test.UserTests2 - ******Creating user****
12:04:07.069 [main] INFO   api.test.UserTests2 - ******Reading user info****
12:04:07.074 [main] INFO   api.test.UserTests2 - ******updating user****
12:04:07.079 [main] INFO   api.test.UserTests2 - ******Deleting user****
12:41:01.970 [main] DEBUG  api.test.UserTests2 - debugging........
12:41:01.988 [main] INFO   api.test.UserTests2 - ******Creating user****
12:41:02.014 [main] INFO   api.test.UserTests2 - ******Reading user info****
12:41:02.020 [main] INFO   api.test.UserTests2 - ******updating user****
12:41:02.024 [main] INFO   api.test.UserTests2 - ******Deleting user****
14:05:30.572 [main] DEBUG  api.test.UserTests2 - debugging........
14:05:30.593 [main] INFO   api.test.UserTests2 - ******Creating user****
14:05:30.623 [main] INFO   api.test.UserTests2 - ******Reading user info****
14:05:30.628 [main] INFO   api.test.UserTests2 - ******updating user****
14:05:30.633 [main] INFO   api.test.UserTests2 - ******Deleting user****
